<?xml version="1.0" encoding="UTF-8"?>
<!-- Generated by org.testng.reporters.JUnitXMLReporter -->
<testsuite hostname="HOME-PC" ignored="0" name="Default test" tests="3" failures="0" timestamp="26 May 2018 10:42:36 GMT" time="79.8" errors="0">
  <testcase name="homePageTitleTest" time="0.084" classname="com.CRM.Testcases.HomePageTest"/>
  <testcase name="userNameTest" time="0.25" classname="com.CRM.Testcases.HomePageTest"/>
  <testcase name="contactsLinkTest" time="0.393" classname="com.CRM.Testcases.HomePageTest"/>
</testsuite> <!-- Default test -->
