<?xml version="1.0" encoding="UTF-8"?>
<!-- Generated by org.testng.reporters.JUnitXMLReporter -->
<testsuite hostname="HOME-PC" ignored="0" name="CRM Test" tests="6" failures="0" timestamp="02 Jun 2018 07:13:27 GMT" time="127.356" errors="0">
  <testcase name="loginPageTitleTest" time="0.495" classname="com.CRM.testcases.LoginPageTest"/>
  <testcase name="homePageTitleTest" time="0.099" classname="com.CRM.testcases.HomePageTest"/>
  <testcase name="crmLogoTest" time="0.606" classname="com.CRM.testcases.LoginPageTest"/>
  <testcase name="userNameTest" time="0.373" classname="com.CRM.testcases.HomePageTest"/>
  <testcase name="loginTest" time="13.172" classname="com.CRM.testcases.LoginPageTest"/>
  <testcase name="contactsLinkTest" time="0.647" classname="com.CRM.testcases.HomePageTest"/>
</testsuite> <!-- CRM Test -->
